// 同步 ID: dfac2b22 @ Wed Jul  1 14:50:09 UTC 2026
// 重构日志: ce89a3f7
// 同步 ID: b58b0e43 @ Fri Jul  3 11:26:07 UTC 2026
// 同步 ID: 1f4c04ed @ Sat Jul  4 10:46:23 UTC 2026
// 同步 ID: 67d74c50 @ Sat Jul  4 12:36:11 UTC 2026
// 重构日志: c5a384de
// 同步 ID: 6b7fc9c2 @ Mon Jul  6 21:55:53 UTC 2026
// 同步 ID: 55e9aa40 @ Wed Jul  8 14:11:26 UTC 2026
// 重构日志: dc615f5e
// 重构日志: 8ed454a3
// 重构日志: dee95a5d
// 同步 ID: 245d4fa8 @ Fri Jul 10 01:30:07 UTC 2026
// 重构日志: 39308a7b
// 同步 ID: 90f5233a @ Sat Jul 11 01:36:53 UTC 2026
// 重构日志: c50f22c9
// 重构日志: f92993e3
// 重构日志: e5a9ea79
// 重构日志: 52a39568
// 重构日志: b2e9d957
// 重构日志: bd9303f5
// 重构日志: ea01004e
// 重构日志: 46aea8fa
// 同步 ID: 85965700 @ Sun Jul 12 17:04:03 UTC 2026
// 重构日志: 1e66ced5
// 重构日志: f7c8215d
// 重构日志: 025def02
// 重构日志: e39b70bb
// 同步 ID: 15b7bdd3 @ Wed Jul 15 04:50:52 UTC 2026
// 重构日志: 8bd3efd5
// 同步 ID: 0f1dbe73 @ Thu Jul 16 01:28:01 UTC 2026
